*** This is NuSMV 2.6.0 (compiled on Wed Oct 14 15:36:56 2015)
*** Enabled addons are: compass
*** For more information on NuSMV see <http://nusmv.fbk.eu>
*** or email to <nusmv-users@list.fbk.eu>.
*** Please report bugs to <Please report bugs to <nusmv-users@fbk.eu>>

*** Copyright (c) 2010-2014, Fondazione Bruno Kessler

*** This version of NuSMV is linked to the CUDD library version 2.4.1
*** Copyright (c) 1995-2004, Regents of the University of Colorado

*** This version of NuSMV is linked to the MiniSat SAT solver. 
*** See http://minisat.se/MiniSat.html
*** Copyright (c) 2003-2006, Niklas Een, Niklas Sorensson
*** Copyright (c) 2007-2010, Niklas Sorensson

-- specification AG (AUTH = none -> ITEMS_LISTENER = FALSE)  is true
-- specification AG (PAIR_STATE = unpaired -> ITEMS_LISTENER = FALSE)  is false
-- as demonstrated by the following execution sequence
Trace Description: CTL Counterexample 
Trace Type: Counterexample 
  -> State: 1.1 <-
    EVENT = noop
    AUTH = none
    PAIR_STATE = unpaired
    ITEMS_LISTENER = FALSE
    JOIN_LISTENER = FALSE
    FCM_SYNCED = FALSE
    PREV_SIGN_IN = FALSE
    ORPHAN_USER_DOC = FALSE
    PAIR_DOC_ACTIVE = FALSE
    ITEMS_SUBCOL_DATA = FALSE
  -> State: 1.2 <-
    EVENT = sign_in
  -> State: 1.3 <-
    EVENT = join_pair
    AUTH = signed_in
    FCM_SYNCED = TRUE
    PREV_SIGN_IN = TRUE
  -> State: 1.4 <-
    EVENT = unpair
    PAIR_STATE = paired
    ITEMS_LISTENER = TRUE
    PAIR_DOC_ACTIVE = TRUE
  -> State: 1.5 <-
    EVENT = sign_in
    PAIR_STATE = unpaired
-- specification AG (PAIR_STATE = unpaired -> ITEMS_SUBCOL_DATA = FALSE)  is false
-- as demonstrated by the following execution sequence
Trace Description: CTL Counterexample 
Trace Type: Counterexample 
  -> State: 2.1 <-
    EVENT = noop
    AUTH = none
    PAIR_STATE = unpaired
    ITEMS_LISTENER = FALSE
    JOIN_LISTENER = FALSE
    FCM_SYNCED = FALSE
    PREV_SIGN_IN = FALSE
    ORPHAN_USER_DOC = FALSE
    PAIR_DOC_ACTIVE = FALSE
    ITEMS_SUBCOL_DATA = FALSE
  -> State: 2.2 <-
    EVENT = sign_in
  -> State: 2.3 <-
    EVENT = join_pair
    AUTH = signed_in
    FCM_SYNCED = TRUE
    PREV_SIGN_IN = TRUE
  -> State: 2.4 <-
    EVENT = add_item
    PAIR_STATE = paired
    ITEMS_LISTENER = TRUE
    PAIR_DOC_ACTIVE = TRUE
  -> State: 2.5 <-
    EVENT = unpair
    ITEMS_SUBCOL_DATA = TRUE
  -> State: 2.6 <-
    EVENT = sign_in
    PAIR_STATE = unpaired
-- specification AG !ORPHAN_USER_DOC  is false
-- as demonstrated by the following execution sequence
Trace Description: CTL Counterexample 
Trace Type: Counterexample 
  -> State: 3.1 <-
    EVENT = noop
    AUTH = none
    PAIR_STATE = unpaired
    ITEMS_LISTENER = FALSE
    JOIN_LISTENER = FALSE
    FCM_SYNCED = FALSE
    PREV_SIGN_IN = FALSE
    ORPHAN_USER_DOC = FALSE
    PAIR_DOC_ACTIVE = FALSE
    ITEMS_SUBCOL_DATA = FALSE
  -> State: 3.2 <-
    EVENT = sign_in
  -> State: 3.3 <-
    EVENT = reinstall
    AUTH = signed_in
    FCM_SYNCED = TRUE
    PREV_SIGN_IN = TRUE
  -> State: 3.4 <-
    EVENT = sign_in
    AUTH = none
    FCM_SYNCED = FALSE
    ORPHAN_USER_DOC = TRUE
-- specification AG (PAIR_STATE = paired -> ITEMS_LISTENER = TRUE)  is true
-- specification AG (PAIR_STATE = unpaired -> !PAIR_DOC_ACTIVE)  is false
-- as demonstrated by the following execution sequence
Trace Description: CTL Counterexample 
Trace Type: Counterexample 
  -> State: 4.1 <-
    EVENT = noop
    AUTH = none
    PAIR_STATE = unpaired
    ITEMS_LISTENER = FALSE
    JOIN_LISTENER = FALSE
    FCM_SYNCED = FALSE
    PREV_SIGN_IN = FALSE
    ORPHAN_USER_DOC = FALSE
    PAIR_DOC_ACTIVE = FALSE
    ITEMS_SUBCOL_DATA = FALSE
  -> State: 4.2 <-
    EVENT = sign_in
  -> State: 4.3 <-
    EVENT = join_pair
    AUTH = signed_in
    FCM_SYNCED = TRUE
    PREV_SIGN_IN = TRUE
  -> State: 4.4 <-
    EVENT = unpair
    PAIR_STATE = paired
    ITEMS_LISTENER = TRUE
    PAIR_DOC_ACTIVE = TRUE
  -> State: 4.5 <-
    EVENT = sign_in
    PAIR_STATE = unpaired
